Debug: Array
(
)
Debug: Array
(
    [0] => stdClass Object
        (
            [code_materiel] => 10
            [code_materiel_nombre] => 4
        )

)
Debug: Array
(
    [0] => stdClass Object
        (
            [code_materiel] => 3
            [code_materiel_nombre] => 1
            [ee_mode_mobilisation_materiel] => 2
            [ee_mode_exploitation_materiel] => 1
        )

)
Debug: Array
(
    [0] => stdClass Object
        (
            [code_materiel] => 3
            [code_materiel_nombre] => 1
            [ee_mode_mobilisation_materiel] => 2
            [ee_mode_exploitation_materiel] => 1
        )

)
